{
  "RSpec": {
    "coverage": {
      "/home/ps/Projects/rps-challenge/spec/feature_spec.rb": [
        1,
        1,
        null,
        1,
        6,
        2,
        null,
        1,
        1,
        1,
        1,
        null,
        null,
        null,
        null,
        null,
        null,
        1,
        1,
        1,
        null,
        1,
        1,
        1,
        1,
        1,
        2,
        null,
        1,
        1,
        1,
        1,
        1,
        null,
        1,
        1,
        1,
        1,
        1,
        null,
        1,
        1,
        1,
        1,
        1,
        null,
        null,
        null,
        null
      ],
      "/home/ps/Projects/rps-challenge/lib/game.rb": [
        1,
        null,
        1,
        null,
        1,
        null,
        1,
        10,
        10,
        null,
        10,
        10,
        null,
        null,
        1,
        20,
        20,
        null,
        null,
        1,
        6,
        null,
        4,
        1,
        0,
        3,
        0,
        0,
        3,
        2,
        1,
        0,
        0,
        1,
        1,
        0,
        0,
        0,
        0,
        0,
        0,
        0,
        0,
        0,
        0,
        0,
        null,
        null,
        null,
        null,
        1,
        null,
        1,
        0,
        null,
        null,
        null
      ],
      "/home/ps/Projects/rps-challenge/lib/player.rb": [
        1,
        null,
        1,
        17,
        17,
        17,
        null,
        null,
        1,
        null,
        1,
        9,
        8,
        null,
        null,
        1,
        6,
        6,
        null,
        null
      ],
      "/home/ps/Projects/rps-challenge/spec/features/rps_challenge_spec.rb": [
        1,
        null,
        1,
        1,
        1,
        1,
        0,
        0,
        0,
        0,
        0,
        0,
        null,
        null,
        null
      ],
      "/home/ps/Projects/rps-challenge/spec/game_spec.rb": [
        1,
        null,
        1,
        6,
        6,
        null,
        6,
        null,
        1,
        5,
        null,
        null,
        1,
        1,
        null,
        null,
        1,
        1,
        null,
        null,
        1,
        2,
        1,
        1,
        2,
        null,
        1,
        1,
        1,
        1,
        1,
        1,
        null,
        null,
        null,
        null
      ],
      "/home/ps/Projects/rps-challenge/spec/player_spec.rb": [
        1,
        null,
        1,
        2,
        null,
        1,
        1,
        1,
        null,
        null,
        1,
        1,
        1,
        null,
        null,
        1,
        2,
        1,
        1,
        1,
        null,
        1,
        2,
        null,
        null,
        null,
        null,
        null,
        null,
        null,
        null,
        null,
        null
      ]
    },
    "timestamp": 1439138485
  }
}
